2026-01-09 13:33:36,787 - __main__ - INFO - Using random seed: 42
2026-01-09 13:33:37,017 - __main__ - INFO - Found 132842 files, analyzing 10000 random files
2026-01-09 13:33:37,021 - __main__ - INFO - ================================================================================
2026-01-09 13:33:37,021 - __main__ - INFO - Starting FHIR Resource Analysis
2026-01-09 13:33:37,021 - __main__ - INFO - ================================================================================
2026-01-09 13:33:37,853 - __main__ - INFO -   Processed 1000/10000 files...
2026-01-09 13:33:38,655 - __main__ - INFO -   Processed 2000/10000 files...
2026-01-09 13:33:39,429 - __main__ - INFO -   Processed 3000/10000 files...
2026-01-09 13:33:40,233 - __main__ - INFO -   Processed 4000/10000 files...
2026-01-09 13:33:41,070 - __main__ - INFO -   Processed 5000/10000 files...
2026-01-09 13:33:41,892 - __main__ - INFO -   Processed 6000/10000 files...
2026-01-09 13:33:42,875 - __main__ - INFO -   Processed 7000/10000 files...
2026-01-09 13:33:43,676 - __main__ - INFO -   Processed 8000/10000 files...
2026-01-09 13:33:44,422 - __main__ - INFO -   Processed 9000/10000 files...
2026-01-09 13:33:45,118 - __main__ - INFO -   Processed 10000/10000 files...
2026-01-09 13:33:45,118 - __main__ - INFO - 
Completed analysis of 10000 files in 8.10 seconds
2026-01-09 13:33:45,118 - __main__ - INFO - Aggregating results...
2026-01-09 13:33:46,052 - __main__ - INFO - 
Results written to: /Users/raph/Documents/hc_ai/POC/fhir_resource_analysis.json
2026-01-09 13:33:46,052 - __main__ - INFO - 
================================================================================
2026-01-09 13:33:46,052 - __main__ - INFO - RESOURCE TYPE SUMMARY
2026-01-09 13:33:46,052 - __main__ - INFO - ================================================================================
2026-01-09 13:33:46,052 - __main__ - INFO - 
Total Resources Analyzed: 737,977
2026-01-09 13:33:46,052 - __main__ - INFO - Unique Resource Types: 13

2026-01-09 13:33:46,052 - __main__ - INFO - Resource Type              Occurrences    Files  % Files     Median       Mean        Max Recommendation      
2026-01-09 13:33:46,052 - __main__ - INFO - ------------------------------------------------------------------------------------------------------------------------
2026-01-09 13:33:46,052 - __main__ - INFO - Observation                    358,173     8922    89.2%         73         77        149 direct_chunk        
2026-01-09 13:33:46,052 - __main__ - INFO - Encounter                       95,828     8941    89.4%         75         85        154 direct_chunk        
2026-01-09 13:33:46,052 - __main__ - INFO - Immunization                    65,867     8067    80.7%         13         13         13 direct_chunk        
2026-01-09 13:33:46,052 - __main__ - INFO - Procedure                       47,848     7819    78.2%         47         42         90 direct_chunk        
2026-01-09 13:33:46,052 - __main__ - INFO - Condition                       36,482     8610    86.1%         70         68        124 direct_chunk        
2026-01-09 13:33:46,052 - __main__ - INFO - MedicationRequest               30,253     8050    80.5%         18         18         18 direct_chunk        
2026-01-09 13:33:46,052 - __main__ - INFO - Medication                      24,491     8050    80.5%         41         47        112 direct_chunk        
2026-01-09 13:33:46,052 - __main__ - INFO - DiagnosticReport                22,834     5815    58.1%         39         36         68 direct_chunk        
2026-01-09 13:33:46,052 - __main__ - INFO - CarePlan                        19,031     7472    74.7%        805        805       1257 semantic_chunk      
2026-01-09 13:33:46,052 - __main__ - INFO - Goal                            14,065     2813    28.1%        198        229        348 direct_chunk        
2026-01-09 13:33:46,052 - __main__ - INFO - Patient                         10,000    10000   100.0%         58         58         68 direct_chunk        
2026-01-09 13:33:46,052 - __main__ - INFO - Organization                     8,941     8941    89.4%         32         32         32 direct_chunk        
2026-01-09 13:33:46,052 - __main__ - INFO - AllergyIntolerance               4,164     1085    10.8%        782        782        789 semantic_chunk      
2026-01-09 13:33:46,052 - __main__ - INFO - 
================================================================================
2026-01-09 13:33:46,052 - __main__ - INFO - CHUNKING RECOMMENDATIONS SUMMARY
2026-01-09 13:33:46,052 - __main__ - INFO - ================================================================================
2026-01-09 13:33:46,052 - __main__ - INFO - 
DIRECT CHUNK:
2026-01-09 13:33:46,052 - __main__ - INFO -   Resource types: 11
2026-01-09 13:33:46,052 - __main__ - INFO -   Total occurrences: 714,782
2026-01-09 13:33:46,052 - __main__ - INFO -   Resources: Observation, Encounter, Immunization, Procedure, Condition, MedicationRequest, Medication, DiagnosticReport, Goal, Patient
2026-01-09 13:33:46,052 - __main__ - INFO -   ... and 1 more
2026-01-09 13:33:46,052 - __main__ - INFO - 
SEMANTIC CHUNK:
2026-01-09 13:33:46,052 - __main__ - INFO -   Resource types: 2
2026-01-09 13:33:46,052 - __main__ - INFO -   Total occurrences: 23,195
2026-01-09 13:33:46,052 - __main__ - INFO -   Resources: CarePlan, AllergyIntolerance
2026-01-09 13:33:46,052 - __main__ - INFO - 
================================================================================
